jain hemant is name my
true
1 is prime : false
2 is prime : true
3 is prime : true
4 is prime : false
5 is prime : true
6 is prime : false
7 is prime : true
8 is prime : false
9 is prime : false
10 is prime : false
11 is prime : true
12 is prime : false
13 is prime : true
14 is prime : false
15 is prime : false
16 is prime : false
17 is prime : true
18 is prime : false
19 is prime : true
20 is prime : false
21 is prime : false
22 is prime : false
23 is prime : true
24 is prime : false
25 is prime : false
26 is prime : false
27 is prime : false
28 is prime : false
29 is prime : true
30 is prime : false
31 is prime : true
32 is prime : false
33 is prime : false
34 is prime : false
35 is prime : false
36 is prime : false
37 is prime : true
38 is prime : false
39 is prime : false
40 is prime : false
41 is prime : true
42 is prime : false
43 is prime : true
44 is prime : false
45 is prime : false
46 is prime : false
47 is prime : true
48 is prime : false
49 is prime : false
50 is prime : false
51 is prime : false
52 is prime : false
53 is prime : true
54 is prime : false
55 is prime : false
56 is prime : false
57 is prime : false
58 is prime : false
59 is prime : true
60 is prime : false
61 is prime : true
62 is prime : false
63 is prime : false
64 is prime : false
65 is prime : false
66 is prime : false
67 is prime : true
68 is prime : false
69 is prime : false
70 is prime : false
71 is prime : true
72 is prime : false
73 is prime : true
74 is prime : false
75 is prime : false
76 is prime : false
77 is prime : false
78 is prime : false
79 is prime : true
80 is prime : false
81 is prime : false
82 is prime : false
83 is prime : true
84 is prime : false
85 is prime : false
86 is prime : false
87 is prime : false
88 is prime : false
89 is prime : true
90 is prime : false
91 is prime : false
92 is prime : false
93 is prime : false
94 is prime : false
95 is prime : false
96 is prime : false
97 is prime : true
98 is prime : false
99 is prime : false
Duplicate detected!
false
String is a Palindrometrue
String is not a Palindromefalse
String is a Palindrometrue
apllpa & pllpaa are permutation
true
apllpa & apllpaa are not permutation
false
1024
12345
21345
32145
23145
13245
31245
42315
24315
32415
23415
43215
34215
14325
41325
34125
43125
13425
31425
12435
21435
42135
24135
14235
41235
52341
25341
32541
23541
53241
35241
42351
24351
32451
23451
43251
34251
54321
45321
34521
43521
53421
35421
52431
25431
42531
24531
54231
45231
15342
51342
35142
53142
13542
31542
45312
54312
35412
53412
43512
34512
14352
41352
34152
43152
13452
31452
15432
51432
45132
54132
14532
41532
12543
21543
52143
25143
15243
51243
42513
24513
52413
25413
45213
54213
14523
41523
54123
45123
15423
51423
12453
21453
42153
24153
14253
41253
12354
21354
32154
23154
13254
31254
52314
25314
32514
23514
53214
35214
15324
51324
35124
53124
13524
31524
12534
21534
52134
25134
15234
51234
abababab
0
1
0
-1
0
1
